<?xml version="1.0" encoding="UTF-8"?>
<!-- Generated by org.testng.reporters.JUnitReportReporter -->
<testsuite hostname="DESKTOP-1U92PBD" failures="0" tests="1" name="BillGenerate.billGenerate" time="7.751" errors="0" timestamp="2022-12-20T17:48:16 CST" skipped="0">
  <testcase classname="BillGenerate.billGenerate" name="run" time="7.751"/>
  <system-out/>
</testsuite> <!-- BillGenerate.billGenerate -->
